<?xml version="1.0" encoding="UTF-8"?>
<!-- Generated by org.testng.reporters.JUnitReportReporter -->
<testsuite skipped="0" hostname="3c22fb05fd48" name="com.amazon.test.loginTest" tests="1" failures="0" timestamp="08 Jul 2022 03:44:18 GMT" time="17.015" errors="0">
  <testcase name="login_with_validcred" time="17.015" classname="com.amazon.test.loginTest"/>
</testsuite> <!-- com.amazon.test.loginTest -->
